Analysis & Synthesis report for pong_game
Thu Apr  6 23:14:48 2023
Quartus Prime Version 22.1std.0 Build 915 10/25/2022 SC Lite Edition


---------------------
; Table of Contents ;
---------------------
  1. Legal Notice
  2. Analysis & Synthesis Summary
  3. Analysis & Synthesis Settings
  4. Parallel Compilation
  5. Analysis & Synthesis Source Files Read
  6. Analysis & Synthesis Resource Usage Summary
  7. Analysis & Synthesis Resource Utilization by Entity
  8. Analysis & Synthesis IP Cores Summary
  9. State Machine - |pong_game|state_reg
 10. Registers Removed During Synthesis
 11. Removed Registers Triggering Further Register Optimizations
 12. General Register Statistics
 13. Inverted Register Statistics
 14. Multiplexer Restructuring Statistics (Restructuring Performed)
 15. Parameter Settings for User Entity Instance: our_pll:clk_pll_instance|our_pll_0002:our_pll_inst|altera_pll:altera_pll_i
 16. Port Connectivity Checks: "our_pll:clk_pll_instance|our_pll_0002:our_pll_inst|altera_pll:altera_pll_i"
 17. Port Connectivity Checks: "our_pll:clk_pll_instance|our_pll_0002:our_pll_inst"
 18. Port Connectivity Checks: "our_pll:clk_pll_instance"
 19. Post-Synthesis Netlist Statistics for Top Partition
 20. Elapsed Time Per Partition
 21. Analysis & Synthesis Messages



----------------
; Legal Notice ;
----------------
Copyright (C) 2022  Intel Corporation. All rights reserved.
Your use of Intel Corporation's design tools, logic functions 
and other software and tools, and any partner logic 
functions, and any output files from any of the foregoing 
(including device programming or simulation files), and any 
associated documentation or information are expressly subject 
to the terms and conditions of the Intel Program License 
Subscription Agreement, the Intel Quartus Prime License Agreement,
the Intel FPGA IP License Agreement, or other applicable license
agreement, including, without limitation, that your use is for
the sole purpose of programming logic devices manufactured by
Intel and sold by Intel or its authorized distributors.  Please
refer to the applicable agreement for further details, at
https://fpgasoftware.intel.com/eula.



+----------------------------------------------------------------------------------+
; Analysis & Synthesis Summary                                                     ;
+---------------------------------+------------------------------------------------+
; Analysis & Synthesis Status     ; Successful - Thu Apr  6 23:14:48 2023          ;
; Quartus Prime Version           ; 22.1std.0 Build 915 10/25/2022 SC Lite Edition ;
; Revision Name                   ; pong_game                                      ;
; Top-level Entity Name           ; pong_game                                      ;
; Family                          ; Cyclone V                                      ;
; Logic utilization (in ALMs)     ; N/A                                            ;
; Total registers                 ; 131                                            ;
; Total pins                      ; 38                                             ;
; Total virtual pins              ; 0                                              ;
; Total block memory bits         ; 0                                              ;
; Total DSP Blocks                ; 0                                              ;
; Total HSSI RX PCSs              ; 0                                              ;
; Total HSSI PMA RX Deserializers ; 0                                              ;
; Total HSSI TX PCSs              ; 0                                              ;
; Total HSSI PMA TX Serializers   ; 0                                              ;
; Total PLLs                      ; 1                                              ;
; Total DLLs                      ; 0                                              ;
+---------------------------------+------------------------------------------------+


+---------------------------------------------------------------------------------------------------------------------------+
; Analysis & Synthesis Settings                                                                                             ;
+---------------------------------------------------------------------------------+--------------------+--------------------+
; Option                                                                          ; Setting            ; Default Value      ;
+---------------------------------------------------------------------------------+--------------------+--------------------+
; Device                                                                          ; 5CSXFC6D6F31C6     ;                    ;
; Top-level entity name                                                           ; pong_game          ; pong_game          ;
; Family name                                                                     ; Cyclone V          ; Cyclone V          ;
; Use smart compilation                                                           ; Off                ; Off                ;
; Enable parallel Assembler and Timing Analyzer during compilation                ; On                 ; On                 ;
; Enable compact report table                                                     ; Off                ; Off                ;
; Restructure Multiplexers                                                        ; Auto               ; Auto               ;
; MLAB Add Timing Constraints For Mixed-Port Feed-Through Mode Setting Don't Care ; Off                ; Off                ;
; Create Debugging Nodes for IP Cores                                             ; Off                ; Off                ;
; Preserve fewer node names                                                       ; On                 ; On                 ;
; Intel FPGA IP Evaluation Mode                                                   ; Enable             ; Enable             ;
; Verilog Version                                                                 ; Verilog_2001       ; Verilog_2001       ;
; VHDL Version                                                                    ; VHDL_1993          ; VHDL_1993          ;
; State Machine Processing                                                        ; Auto               ; Auto               ;
; Safe State Machine                                                              ; Off                ; Off                ;
; Extract Verilog State Machines                                                  ; On                 ; On                 ;
; Extract VHDL State Machines                                                     ; On                 ; On                 ;
; Ignore Verilog initial constructs                                               ; Off                ; Off                ;
; Iteration limit for constant Verilog loops                                      ; 5000               ; 5000               ;
; Iteration limit for non-constant Verilog loops                                  ; 250                ; 250                ;
; Add Pass-Through Logic to Inferred RAMs                                         ; On                 ; On                 ;
; Infer RAMs from Raw Logic                                                       ; On                 ; On                 ;
; Parallel Synthesis                                                              ; On                 ; On                 ;
; DSP Block Balancing                                                             ; Auto               ; Auto               ;
; NOT Gate Push-Back                                                              ; On                 ; On                 ;
; Power-Up Don't Care                                                             ; On                 ; On                 ;
; Remove Redundant Logic Cells                                                    ; Off                ; Off                ;
; Remove Duplicate Registers                                                      ; On                 ; On                 ;
; Ignore CARRY Buffers                                                            ; Off                ; Off                ;
; Ignore CASCADE Buffers                                                          ; Off                ; Off                ;
; Ignore GLOBAL Buffers                                                           ; Off                ; Off                ;
; Ignore ROW GLOBAL Buffers                                                       ; Off                ; Off                ;
; Ignore LCELL Buffers                                                            ; Off                ; Off                ;
; Ignore SOFT Buffers                                                             ; On                 ; On                 ;
; Limit AHDL Integers to 32 Bits                                                  ; Off                ; Off                ;
; Optimization Technique                                                          ; Balanced           ; Balanced           ;
; Carry Chain Length                                                              ; 70                 ; 70                 ;
; Auto Carry Chains                                                               ; On                 ; On                 ;
; Auto Open-Drain Pins                                                            ; On                 ; On                 ;
; Perform WYSIWYG Primitive Resynthesis                                           ; Off                ; Off                ;
; Auto ROM Replacement                                                            ; On                 ; On                 ;
; Auto RAM Replacement                                                            ; On                 ; On                 ;
; Auto DSP Block Replacement                                                      ; On                 ; On                 ;
; Auto Shift Register Replacement                                                 ; Auto               ; Auto               ;
; Allow Shift Register Merging across Hierarchies                                 ; Auto               ; Auto               ;
; Auto Clock Enable Replacement                                                   ; On                 ; On                 ;
; Strict RAM Replacement                                                          ; Off                ; Off                ;
; Allow Synchronous Control Signals                                               ; On                 ; On                 ;
; Force Use of Synchronous Clear Signals                                          ; Off                ; Off                ;
; Auto Resource Sharing                                                           ; Off                ; Off                ;
; Allow Any RAM Size For Recognition                                              ; Off                ; Off                ;
; Allow Any ROM Size For Recognition                                              ; Off                ; Off                ;
; Allow Any Shift Register Size For Recognition                                   ; Off                ; Off                ;
; Use LogicLock Constraints during Resource Balancing                             ; On                 ; On                 ;
; Ignore translate_off and synthesis_off directives                               ; Off                ; Off                ;
; Timing-Driven Synthesis                                                         ; On                 ; On                 ;
; Report Parameter Settings                                                       ; On                 ; On                 ;
; Report Source Assignments                                                       ; On                 ; On                 ;
; Report Connectivity Checks                                                      ; On                 ; On                 ;
; Ignore Maximum Fan-Out Assignments                                              ; Off                ; Off                ;
; Synchronization Register Chain Length                                           ; 3                  ; 3                  ;
; Power Optimization During Synthesis                                             ; Normal compilation ; Normal compilation ;
; HDL message level                                                               ; Level2             ; Level2             ;
; Suppress Register Optimization Related Messages                                 ; Off                ; Off                ;
; Number of Removed Registers Reported in Synthesis Report                        ; 5000               ; 5000               ;
; Number of Swept Nodes Reported in Synthesis Report                              ; 5000               ; 5000               ;
; Number of Inverted Registers Reported in Synthesis Report                       ; 100                ; 100                ;
; Clock MUX Protection                                                            ; On                 ; On                 ;
; Auto Gated Clock Conversion                                                     ; Off                ; Off                ;
; Block Design Naming                                                             ; Auto               ; Auto               ;
; SDC constraint protection                                                       ; Off                ; Off                ;
; Synthesis Effort                                                                ; Auto               ; Auto               ;
; Shift Register Replacement - Allow Asynchronous Clear Signal                    ; On                 ; On                 ;
; Pre-Mapping Resynthesis Optimization                                            ; Off                ; Off                ;
; Analysis & Synthesis Message Level                                              ; Medium             ; Medium             ;
; Disable Register Merging Across Hierarchies                                     ; Auto               ; Auto               ;
; Resource Aware Inference For Block RAM                                          ; On                 ; On                 ;
; Automatic Parallel Synthesis                                                    ; On                 ; On                 ;
; Partial Reconfiguration Bitstream ID                                            ; Off                ; Off                ;
+---------------------------------------------------------------------------------+--------------------+--------------------+


+------------------------------------------+
; Parallel Compilation                     ;
+----------------------------+-------------+
; Processors                 ; Number      ;
+----------------------------+-------------+
; Number detected on machine ; 12          ;
; Maximum allowed            ; 6           ;
;                            ;             ;
; Average used               ; 1.00        ;
; Maximum used               ; 6           ;
;                            ;             ;
; Usage by Processor         ; % Time Used ;
;     Processor 1            ; 100.0%      ;
;     Processor 2            ;   0.0%      ;
;     Processor 3            ;   0.0%      ;
;     Processor 4            ;   0.0%      ;
;     Processor 5            ;   0.0%      ;
;     Processor 6            ;   0.0%      ;
+----------------------------+-------------+


+---------------------------------------------------------------------------------------------------------------------------------------------------------------------+
; Analysis & Synthesis Source Files Read                                                                                                                              ;
+----------------------------------+-----------------+------------------------+-----------------------------------------------------------------------------+---------+
; File Name with User-Entered Path ; Used in Netlist ; File Type              ; File Name with Absolute Path                                                ; Library ;
+----------------------------------+-----------------+------------------------+-----------------------------------------------------------------------------+---------+
; pong_game.vhd                    ; yes             ; User VHDL File         ; C:/MUN/ADS/final project/FINAL_PROJECT_ADS/pong_game/pong_game.vhd          ;         ;
; pong_vga_sync.vhd                ; yes             ; User VHDL File         ; C:/MUN/ADS/final project/FINAL_PROJECT_ADS/pong_game/pong_vga_sync.vhd      ;         ;
; pong_game_timer.vhd              ; yes             ; User VHDL File         ; C:/MUN/ADS/final project/FINAL_PROJECT_ADS/pong_game/pong_game_timer.vhd    ;         ;
; pong_clk_divider.vhd             ; yes             ; User VHDL File         ; C:/MUN/ADS/final project/FINAL_PROJECT_ADS/pong_game/pong_clk_divider.vhd   ;         ;
; pong_color_map.vhd               ; yes             ; User VHDL File         ; C:/MUN/ADS/final project/FINAL_PROJECT_ADS/pong_game/pong_color_map.vhd     ;         ;
; pong_font_rom.vhd                ; yes             ; User VHDL File         ; C:/MUN/ADS/final project/FINAL_PROJECT_ADS/pong_game/pong_font_rom.vhd      ;         ;
; pong_game_counter.vhd            ; yes             ; User VHDL File         ; C:/MUN/ADS/final project/FINAL_PROJECT_ADS/pong_game/pong_game_counter.vhd  ;         ;
; pong_game_graph.vhd              ; yes             ; User VHDL File         ; C:/MUN/ADS/final project/FINAL_PROJECT_ADS/pong_game/pong_game_graph.vhd    ;         ;
; pong_game_text.vhd               ; yes             ; User VHDL File         ; C:/MUN/ADS/final project/FINAL_PROJECT_ADS/pong_game/pong_game_text.vhd     ;         ;
; our_pll.vhd                      ; yes             ; User VHDL File         ; C:/MUN/ADS/final project/FINAL_PROJECT_ADS/pong_game/our_pll.vhd            ; our_pll ;
; our_pll/our_pll_0002.v           ; yes             ; User Verilog HDL File  ; C:/MUN/ADS/final project/FINAL_PROJECT_ADS/pong_game/our_pll/our_pll_0002.v ; our_pll ;
; altera_pll.v                     ; yes             ; Megafunction           ; c:/intelfpga_lite/22.1std/quartus/libraries/megafunctions/altera_pll.v      ;         ;
+----------------------------------+-----------------+------------------------+-----------------------------------------------------------------------------+---------+


+-------------------------------------------------------------------------------------------------------+
; Analysis & Synthesis Resource Usage Summary                                                           ;
+---------------------------------------------+---------------------------------------------------------+
; Resource                                    ; Usage                                                   ;
+---------------------------------------------+---------------------------------------------------------+
; Estimate of Logic utilization (ALMs needed) ; 528                                                     ;
;                                             ;                                                         ;
; Combinational ALUT usage for logic          ; 728                                                     ;
;     -- 7 input functions                    ; 52                                                      ;
;     -- 6 input functions                    ; 275                                                     ;
;     -- 5 input functions                    ; 113                                                     ;
;     -- 4 input functions                    ; 100                                                     ;
;     -- <=3 input functions                  ; 188                                                     ;
;                                             ;                                                         ;
; Dedicated logic registers                   ; 131                                                     ;
;                                             ;                                                         ;
; I/O pins                                    ; 38                                                      ;
;                                             ;                                                         ;
; Total DSP Blocks                            ; 0                                                       ;
;                                             ;                                                         ;
; Total PLLs                                  ; 1                                                       ;
;     -- PLLs                                 ; 1                                                       ;
;                                             ;                                                         ;
; Maximum fan-out node                        ; pong_game_text:text_unit|font_rom:font_unit|addr_reg[5] ;
; Maximum fan-out                             ; 214                                                     ;
; Total fan-out                               ; 3995                                                    ;
; Average fan-out                             ; 4.27                                                    ;
+---------------------------------------------+---------------------------------------------------------+


+----------------------------------------------------------------------------------------------------------------------------------------------------------------------------------------------------------------------------------------------------------------------------+
; Analysis & Synthesis Resource Utilization by Entity                                                                                                                                                                                                                        ;
+----------------------------------------+---------------------+---------------------------+-------------------+------------+------+--------------+---------------------------------------------------------------------------------------+-------------------+--------------+
; Compilation Hierarchy Node             ; Combinational ALUTs ; Dedicated Logic Registers ; Block Memory Bits ; DSP Blocks ; Pins ; Virtual Pins ; Full Hierarchy Name                                                                   ; Entity Name       ; Library Name ;
+----------------------------------------+---------------------+---------------------------+-------------------+------------+------+--------------+---------------------------------------------------------------------------------------+-------------------+--------------+
; |pong_game                             ; 728 (24)            ; 131 (9)                   ; 0                 ; 0          ; 38   ; 0            ; |pong_game                                                                            ; pong_game         ; work         ;
;    |color_map:color_map_unit|          ; 12 (12)             ; 0 (0)                     ; 0                 ; 0          ; 0    ; 0            ; |pong_game|color_map:color_map_unit                                                   ; color_map         ; work         ;
;    |our_pll:clk_pll_instance|          ; 0 (0)               ; 0 (0)                     ; 0                 ; 0          ; 0    ; 0            ; |pong_game|our_pll:clk_pll_instance                                                   ; our_pll           ; our_pll      ;
;       |our_pll_0002:our_pll_inst|      ; 0 (0)               ; 0 (0)                     ; 0                 ; 0          ; 0    ; 0            ; |pong_game|our_pll:clk_pll_instance|our_pll_0002:our_pll_inst                         ; our_pll_0002      ; our_pll      ;
;          |altera_pll:altera_pll_i|     ; 0 (0)               ; 0 (0)                     ; 0                 ; 0          ; 0    ; 0            ; |pong_game|our_pll:clk_pll_instance|our_pll_0002:our_pll_inst|altera_pll:altera_pll_i ; altera_pll        ; work         ;
;    |pong_clk_divider:inst_clk_divider| ; 56 (56)             ; 41 (41)                   ; 0                 ; 0          ; 0    ; 0            ; |pong_game|pong_clk_divider:inst_clk_divider                                          ; pong_clk_divider  ; work         ;
;    |pong_game_counter:counter_unit|    ; 11 (11)             ; 8 (8)                     ; 0                 ; 0          ; 0    ; 0            ; |pong_game|pong_game_counter:counter_unit                                             ; pong_game_counter ; work         ;
;    |pong_game_graph:graph_unit|        ; 156 (156)           ; 32 (32)                   ; 0                 ; 0          ; 0    ; 0            ; |pong_game|pong_game_graph:graph_unit                                                 ; pong_game_graph   ; work         ;
;    |pong_game_text:text_unit|          ; 418 (415)           ; 11 (0)                    ; 0                 ; 0          ; 0    ; 0            ; |pong_game|pong_game_text:text_unit                                                   ; pong_game_text    ; work         ;
;       |font_rom:font_unit|             ; 3 (3)               ; 11 (11)                   ; 0                 ; 0          ; 0    ; 0            ; |pong_game|pong_game_text:text_unit|font_rom:font_unit                                ; font_rom          ; work         ;
;    |pong_vga_sync:vga_sync_unit|       ; 29 (29)             ; 23 (23)                   ; 0                 ; 0          ; 0    ; 0            ; |pong_game|pong_vga_sync:vga_sync_unit                                                ; pong_vga_sync     ; work         ;
;    |timer:timer_unit|                  ; 22 (22)             ; 7 (7)                     ; 0                 ; 0          ; 0    ; 0            ; |pong_game|timer:timer_unit                                                           ; timer             ; work         ;
+----------------------------------------+---------------------+---------------------------+-------------------+------------+------+--------------+---------------------------------------------------------------------------------------+-------------------+--------------+
Note: For table entries with two numbers listed, the numbers in parentheses indicate the number of resources of the given type used by the specific entity alone. The numbers listed outside of parentheses indicate the total resources of the given type used by the specific entity and all of its sub-entities in the hierarchy.


+-----------------------------------------------------------------------------------------------------------------------+
; Analysis & Synthesis IP Cores Summary                                                                                 ;
+--------+--------------+---------+--------------+--------------+-------------------------------------+-----------------+
; Vendor ; IP Core Name ; Version ; Release Date ; License Type ; Entity Instance                     ; IP Include File ;
+--------+--------------+---------+--------------+--------------+-------------------------------------+-----------------+
; N/A    ; altera_pll   ; 22.1    ; N/A          ; N/A          ; |pong_game|our_pll:clk_pll_instance ;                 ;
+--------+--------------+---------+--------------+--------------+-------------------------------------+-----------------+


Encoding Type:  One-Hot
+---------------------------------------------------------------------------------------------+
; State Machine - |pong_game|state_reg                                                        ;
+-------------------+----------------+-------------------+----------------+-------------------+
; Name              ; state_reg.over ; state_reg.newball ; state_reg.play ; state_reg.newgame ;
+-------------------+----------------+-------------------+----------------+-------------------+
; state_reg.newgame ; 0              ; 0                 ; 0              ; 0                 ;
; state_reg.play    ; 0              ; 0                 ; 1              ; 1                 ;
; state_reg.newball ; 0              ; 1                 ; 0              ; 1                 ;
; state_reg.over    ; 1              ; 0                 ; 0              ; 1                 ;
+-------------------+----------------+-------------------+----------------+-------------------+


+------------------------------------------------------------------------------------------------------+
; Registers Removed During Synthesis                                                                   ;
+----------------------------------------------+-------------------------------------------------------+
; Register name                                ; Reason for Removal                                    ;
+----------------------------------------------+-------------------------------------------------------+
; pong_game_graph:graph_unit|paddle_y_reg[0,1] ; Stuck at GND due to stuck port data_in                ;
; pong_game_graph:graph_unit|ball_vx_reg[3..8] ; Merged with pong_game_graph:graph_unit|ball_vx_reg[9] ;
; pong_game_graph:graph_unit|ball_vy_reg[3..8] ; Merged with pong_game_graph:graph_unit|ball_vy_reg[9] ;
; pong_game_graph:graph_unit|ball_vx_reg[0]    ; Stuck at GND due to stuck port data_in                ;
; pong_game_graph:graph_unit|ball_vy_reg[0]    ; Stuck at GND due to stuck port data_in                ;
; pong_game_graph:graph_unit|ball_y_reg[0]     ; Merged with pong_game_graph:graph_unit|ball_x_reg[0]  ;
; pong_game_graph:graph_unit|ball_x_reg[0]     ; Stuck at GND due to stuck port data_in                ;
; Total Number of Removed Registers = 18       ;                                                       ;
+----------------------------------------------+-------------------------------------------------------+


+--------------------------------------------------------------------------------------------------------------------+
; Removed Registers Triggering Further Register Optimizations                                                        ;
+--------------------------------------------+---------------------------+-------------------------------------------+
; Register name                              ; Reason for Removal        ; Registers Removed due to This Register    ;
+--------------------------------------------+---------------------------+-------------------------------------------+
; pong_game_graph:graph_unit|paddle_y_reg[1] ; Stuck at GND              ; pong_game_graph:graph_unit|ball_vx_reg[0] ;
;                                            ; due to stuck port data_in ;                                           ;
+--------------------------------------------+---------------------------+-------------------------------------------+


+------------------------------------------------------+
; General Register Statistics                          ;
+----------------------------------------------+-------+
; Statistic                                    ; Value ;
+----------------------------------------------+-------+
; Total registers                              ; 131   ;
; Number of registers using Synchronous Clear  ; 73    ;
; Number of registers using Synchronous Load   ; 17    ;
; Number of registers using Asynchronous Clear ; 79    ;
; Number of registers using Asynchronous Load  ; 0     ;
; Number of registers using Clock Enable       ; 97    ;
; Number of registers using Preset             ; 0     ;
+----------------------------------------------+-------+


+-----------------------------------------------------+
; Inverted Register Statistics                        ;
+-------------------------------------------+---------+
; Inverted Register                         ; Fan out ;
+-------------------------------------------+---------+
; pong_game_graph:graph_unit|ball_vy_reg[2] ; 2       ;
; pong_game_graph:graph_unit|ball_vx_reg[2] ; 2       ;
; timer:timer_unit|timer_reg[1]             ; 4       ;
; timer:timer_unit|timer_reg[0]             ; 2       ;
; timer:timer_unit|timer_reg[6]             ; 2       ;
; timer:timer_unit|timer_reg[5]             ; 2       ;
; timer:timer_unit|timer_reg[4]             ; 2       ;
; timer:timer_unit|timer_reg[3]             ; 2       ;
; timer:timer_unit|timer_reg[2]             ; 2       ;
; Total number of inverted registers = 9    ;         ;
+-------------------------------------------+---------+


+----------------------------------------------------------------------------------------------------------------------------------------------------------------------------------+
; Multiplexer Restructuring Statistics (Restructuring Performed)                                                                                                                   ;
+--------------------+-----------+---------------+----------------------+------------------------+------------+--------------------------------------------------------------------+
; Multiplexer Inputs ; Bus Width ; Baseline Area ; Area if Restructured ; Saving if Restructured ; Registered ; Example Multiplexer Output                                         ;
+--------------------+-----------+---------------+----------------------+------------------------+------------+--------------------------------------------------------------------+
; 3:1                ; 4 bits    ; 8 LEs         ; 8 LEs                ; 0 LEs                  ; Yes        ; |pong_game|pong_game_text:text_unit|font_rom:font_unit|addr_reg[1] ;
; 3:1                ; 10 bits   ; 20 LEs        ; 0 LEs                ; 20 LEs                 ; Yes        ; |pong_game|pong_clk_divider:inst_clk_divider|count1[9]             ;
; 3:1                ; 10 bits   ; 20 LEs        ; 0 LEs                ; 20 LEs                 ; Yes        ; |pong_game|pong_clk_divider:inst_clk_divider|count2[1]             ;
; 3:1                ; 10 bits   ; 20 LEs        ; 0 LEs                ; 20 LEs                 ; Yes        ; |pong_game|pong_clk_divider:inst_clk_divider|count3[0]             ;
; 3:1                ; 12 bits   ; 24 LEs        ; 0 LEs                ; 24 LEs                 ; Yes        ; |pong_game|pong_game_graph:graph_unit|ball_y_reg[9]                ;
; 3:1                ; 6 bits    ; 12 LEs        ; 6 LEs                ; 6 LEs                  ; Yes        ; |pong_game|pong_game_graph:graph_unit|ball_y_reg[7]                ;
; 4:1                ; 2 bits    ; 4 LEs         ; 4 LEs                ; 0 LEs                  ; Yes        ; |pong_game|pong_game_text:text_unit|font_rom:font_unit|addr_reg[8] ;
; 4:1                ; 4 bits    ; 8 LEs         ; 4 LEs                ; 4 LEs                  ; Yes        ; |pong_game|pong_game_graph:graph_unit|paddle_y_reg[5]              ;
; 4:1                ; 4 bits    ; 8 LEs         ; 4 LEs                ; 4 LEs                  ; Yes        ; |pong_game|pong_game_graph:graph_unit|paddle_y_reg[6]              ;
; 4:1                ; 4 bits    ; 8 LEs         ; 8 LEs                ; 0 LEs                  ; Yes        ; |pong_game|pong_game_counter:counter_unit|digit0_reg[3]            ;
; 4:1                ; 4 bits    ; 8 LEs         ; 8 LEs                ; 0 LEs                  ; Yes        ; |pong_game|pong_game_counter:counter_unit|digit1_reg[2]            ;
; 5:1                ; 2 bits    ; 6 LEs         ; 4 LEs                ; 2 LEs                  ; Yes        ; |pong_game|pong_game_graph:graph_unit|ball_vx_reg[9]               ;
; 5:1                ; 2 bits    ; 6 LEs         ; 2 LEs                ; 4 LEs                  ; Yes        ; |pong_game|ball_reg[0]                                             ;
; 19:1               ; 2 bits    ; 24 LEs        ; 20 LEs               ; 4 LEs                  ; Yes        ; |pong_game|pong_game_text:text_unit|font_rom:font_unit|addr_reg[7] ;
; 19:1               ; 2 bits    ; 24 LEs        ; 18 LEs               ; 6 LEs                  ; Yes        ; |pong_game|pong_game_text:text_unit|font_rom:font_unit|addr_reg[5] ;
; 3:1                ; 7 bits    ; 14 LEs        ; 7 LEs                ; 7 LEs                  ; Yes        ; |pong_game|timer:timer_unit|timer_reg[5]                           ;
; 3:1                ; 3 bits    ; 6 LEs         ; 6 LEs                ; 0 LEs                  ; No         ; |pong_game|pong_game_text:text_unit|bit_addr[2]                    ;
; 8:1                ; 2 bits    ; 10 LEs        ; 4 LEs                ; 6 LEs                  ; No         ; |pong_game|Selector2                                               ;
; 8:1                ; 2 bits    ; 10 LEs        ; 4 LEs                ; 6 LEs                  ; No         ; |pong_game|Selector4                                               ;
+--------------------+-----------+---------------+----------------------+------------------------+------------+--------------------------------------------------------------------+


+-------------------------------------------------------------------------------------------------------------------------+
; Parameter Settings for User Entity Instance: our_pll:clk_pll_instance|our_pll_0002:our_pll_inst|altera_pll:altera_pll_i ;
+--------------------------------------+------------------------+---------------------------------------------------------+
; Parameter Name                       ; Value                  ; Type                                                    ;
+--------------------------------------+------------------------+---------------------------------------------------------+
; reference_clock_frequency            ; 50.0 MHz               ; String                                                  ;
; fractional_vco_multiplier            ; false                  ; String                                                  ;
; pll_type                             ; General                ; String                                                  ;
; pll_subtype                          ; General                ; String                                                  ;
; number_of_clocks                     ; 1                      ; Signed Integer                                          ;
; operation_mode                       ; direct                 ; String                                                  ;
; deserialization_factor               ; 4                      ; Signed Integer                                          ;
; data_rate                            ; 0                      ; Signed Integer                                          ;
; sim_additional_refclk_cycles_to_lock ; 0                      ; Signed Integer                                          ;
; output_clock_frequency0              ; 50.000000 MHz          ; String                                                  ;
; phase_shift0                         ; 0 ps                   ; String                                                  ;
; duty_cycle0                          ; 50                     ; Signed Integer                                          ;
; output_clock_frequency1              ; 0 MHz                  ; String                                                  ;
; phase_shift1                         ; 0 ps                   ; String                                                  ;
; duty_cycle1                          ; 50                     ; Signed Integer                                          ;
; output_clock_frequency2              ; 0 MHz                  ; String                                                  ;
; phase_shift2                         ; 0 ps                   ; String                                                  ;
; duty_cycle2                          ; 50                     ; Signed Integer                                          ;
; output_clock_frequency3              ; 0 MHz                  ; String                                                  ;
; phase_shift3                         ; 0 ps                   ; String                                                  ;
; duty_cycle3                          ; 50                     ; Signed Integer                                          ;
; output_clock_frequency4              ; 0 MHz                  ; String                                                  ;
; phase_shift4                         ; 0 ps                   ; String                                                  ;
; duty_cycle4                          ; 50                     ; Signed Integer                                          ;
; output_clock_frequency5              ; 0 MHz                  ; String                                                  ;
; phase_shift5                         ; 0 ps                   ; String                                                  ;
; duty_cycle5                          ; 50                     ; Signed Integer                                          ;
; output_clock_frequency6              ; 0 MHz                  ; String                                                  ;
; phase_shift6                         ; 0 ps                   ; String                                                  ;
; duty_cycle6                          ; 50                     ; Signed Integer                                          ;
; output_clock_frequency7              ; 0 MHz                  ; String                                                  ;
; phase_shift7                         ; 0 ps                   ; String                                                  ;
; duty_cycle7                          ; 50                     ; Signed Integer                                          ;
; output_clock_frequency8              ; 0 MHz                  ; String                                                  ;
; phase_shift8                         ; 0 ps                   ; String                                                  ;
; duty_cycle8                          ; 50                     ; Signed Integer                                          ;
; output_clock_frequency9              ; 0 MHz                  ; String                                                  ;
; phase_shift9                         ; 0 ps                   ; String                                                  ;
; duty_cycle9                          ; 50                     ; Signed Integer                                          ;
; output_clock_frequency10             ; 0 MHz                  ; String                                                  ;
; phase_shift10                        ; 0 ps                   ; String                                                  ;
; duty_cycle10                         ; 50                     ; Signed Integer                                          ;
; output_clock_frequency11             ; 0 MHz                  ; String                                                  ;
; phase_shift11                        ; 0 ps                   ; String                                                  ;
; duty_cycle11                         ; 50                     ; Signed Integer                                          ;
; output_clock_frequency12             ; 0 MHz                  ; String                                                  ;
; phase_shift12                        ; 0 ps                   ; String                                                  ;
; duty_cycle12                         ; 50                     ; Signed Integer                                          ;
; output_clock_frequency13             ; 0 MHz                  ; String                                                  ;
; phase_shift13                        ; 0 ps                   ; String                                                  ;
; duty_cycle13                         ; 50                     ; Signed Integer                                          ;
; output_clock_frequency14             ; 0 MHz                  ; String                                                  ;
; phase_shift14                        ; 0 ps                   ; String                                                  ;
; duty_cycle14                         ; 50                     ; Signed Integer                                          ;
; output_clock_frequency15             ; 0 MHz                  ; String                                                  ;
; phase_shift15                        ; 0 ps                   ; String                                                  ;
; duty_cycle15                         ; 50                     ; Signed Integer                                          ;
; output_clock_frequency16             ; 0 MHz                  ; String                                                  ;
; phase_shift16                        ; 0 ps                   ; String                                                  ;
; duty_cycle16                         ; 50                     ; Signed Integer                                          ;
; output_clock_frequency17             ; 0 MHz                  ; String                                                  ;
; phase_shift17                        ; 0 ps                   ; String                                                  ;
; duty_cycle17                         ; 50                     ; Signed Integer                                          ;
; clock_name_0                         ;                        ; String                                                  ;
; clock_name_1                         ;                        ; String                                                  ;
; clock_name_2                         ;                        ; String                                                  ;
; clock_name_3                         ;                        ; String                                                  ;
; clock_name_4                         ;                        ; String                                                  ;
; clock_name_5                         ;                        ; String                                                  ;
; clock_name_6                         ;                        ; String                                                  ;
; clock_name_7                         ;                        ; String                                                  ;
; clock_name_8                         ;                        ; String                                                  ;
; clock_name_global_0                  ; false                  ; String                                                  ;
; clock_name_global_1                  ; false                  ; String                                                  ;
; clock_name_global_2                  ; false                  ; String                                                  ;
; clock_name_global_3                  ; false                  ; String                                                  ;
; clock_name_global_4                  ; false                  ; String                                                  ;
; clock_name_global_5                  ; false                  ; String                                                  ;
; clock_name_global_6                  ; false                  ; String                                                  ;
; clock_name_global_7                  ; false                  ; String                                                  ;
; clock_name_global_8                  ; false                  ; String                                                  ;
; m_cnt_hi_div                         ; 1                      ; Signed Integer                                          ;
; m_cnt_lo_div                         ; 1                      ; Signed Integer                                          ;
; m_cnt_bypass_en                      ; false                  ; String                                                  ;
; m_cnt_odd_div_duty_en                ; false                  ; String                                                  ;
; n_cnt_hi_div                         ; 1                      ; Signed Integer                                          ;
; n_cnt_lo_div                         ; 1                      ; Signed Integer                                          ;
; n_cnt_bypass_en                      ; false                  ; String                                                  ;
; n_cnt_odd_div_duty_en                ; false                  ; String                                                  ;
; c_cnt_hi_div0                        ; 1                      ; Signed Integer                                          ;
; c_cnt_lo_div0                        ; 1                      ; Signed Integer                                          ;
; c_cnt_bypass_en0                     ; false                  ; String                                                  ;
; c_cnt_in_src0                        ; ph_mux_clk             ; String                                                  ;
; c_cnt_odd_div_duty_en0               ; false                  ; String                                                  ;
; c_cnt_prst0                          ; 1                      ; Signed Integer                                          ;
; c_cnt_ph_mux_prst0                   ; 0                      ; Signed Integer                                          ;
; c_cnt_hi_div1                        ; 1                      ; Signed Integer                                          ;
; c_cnt_lo_div1                        ; 1                      ; Signed Integer                                          ;
; c_cnt_bypass_en1                     ; false                  ; String                                                  ;
; c_cnt_in_src1                        ; ph_mux_clk             ; String                                                  ;
; c_cnt_odd_div_duty_en1               ; false                  ; String                                                  ;
; c_cnt_prst1                          ; 1                      ; Signed Integer                                          ;
; c_cnt_ph_mux_prst1                   ; 0                      ; Signed Integer                                          ;
; c_cnt_hi_div2                        ; 1                      ; Signed Integer                                          ;
; c_cnt_lo_div2                        ; 1                      ; Signed Integer                                          ;
; c_cnt_bypass_en2                     ; false                  ; String                                                  ;
; c_cnt_in_src2                        ; ph_mux_clk             ; String                                                  ;
; c_cnt_odd_div_duty_en2               ; false                  ; String                                                  ;
; c_cnt_prst2                          ; 1                      ; Signed Integer                                          ;
; c_cnt_ph_mux_prst2                   ; 0                      ; Signed Integer                                          ;
; c_cnt_hi_div3                        ; 1                      ; Signed Integer                                          ;
; c_cnt_lo_div3                        ; 1                      ; Signed Integer                                          ;
; c_cnt_bypass_en3                     ; false                  ; String                                                  ;
; c_cnt_in_src3                        ; ph_mux_clk             ; String                                                  ;
; c_cnt_odd_div_duty_en3               ; false                  ; String                                                  ;
; c_cnt_prst3                          ; 1                      ; Signed Integer                                          ;
; c_cnt_ph_mux_prst3                   ; 0                      ; Signed Integer                                          ;
; c_cnt_hi_div4                        ; 1                      ; Signed Integer                                          ;
; c_cnt_lo_div4                        ; 1                      ; Signed Integer                                          ;
; c_cnt_bypass_en4                     ; false                  ; String                                                  ;
; c_cnt_in_src4                        ; ph_mux_clk             ; String                                                  ;
; c_cnt_odd_div_duty_en4               ; false                  ; String                                                  ;
; c_cnt_prst4                          ; 1                      ; Signed Integer                                          ;
; c_cnt_ph_mux_prst4                   ; 0                      ; Signed Integer                                          ;
; c_cnt_hi_div5                        ; 1                      ; Signed Integer                                          ;
; c_cnt_lo_div5                        ; 1                      ; Signed Integer                                          ;
; c_cnt_bypass_en5                     ; false                  ; String                                                  ;
; c_cnt_in_src5                        ; ph_mux_clk             ; String                                                  ;
; c_cnt_odd_div_duty_en5               ; false                  ; String                                                  ;
; c_cnt_prst5                          ; 1                      ; Signed Integer                                          ;
; c_cnt_ph_mux_prst5                   ; 0                      ; Signed Integer                                          ;
; c_cnt_hi_div6                        ; 1                      ; Signed Integer                                          ;
; c_cnt_lo_div6                        ; 1                      ; Signed Integer                                          ;
; c_cnt_bypass_en6                     ; false                  ; String                                                  ;
; c_cnt_in_src6                        ; ph_mux_clk             ; String                                                  ;
; c_cnt_odd_div_duty_en6               ; false                  ; String                                                  ;
; c_cnt_prst6                          ; 1                      ; Signed Integer                                          ;
; c_cnt_ph_mux_prst6                   ; 0                      ; Signed Integer                                          ;
; c_cnt_hi_div7                        ; 1                      ; Signed Integer                                          ;
; c_cnt_lo_div7                        ; 1                      ; Signed Integer                                          ;
; c_cnt_bypass_en7                     ; false                  ; String                                                  ;
; c_cnt_in_src7                        ; ph_mux_clk             ; String                                                  ;
; c_cnt_odd_div_duty_en7               ; false                  ; String                                                  ;
; c_cnt_prst7                          ; 1                      ; Signed Integer                                          ;
; c_cnt_ph_mux_prst7                   ; 0                      ; Signed Integer                                          ;
; c_cnt_hi_div8                        ; 1                      ; Signed Integer                                          ;
; c_cnt_lo_div8                        ; 1                      ; Signed Integer                                          ;
; c_cnt_bypass_en8                     ; false                  ; String                                                  ;
; c_cnt_in_src8                        ; ph_mux_clk             ; String                                                  ;
; c_cnt_odd_div_duty_en8               ; false                  ; String                                                  ;
; c_cnt_prst8                          ; 1                      ; Signed Integer                                          ;
; c_cnt_ph_mux_prst8                   ; 0                      ; Signed Integer                                          ;
; c_cnt_hi_div9                        ; 1                      ; Signed Integer                                          ;
; c_cnt_lo_div9                        ; 1                      ; Signed Integer                                          ;
; c_cnt_bypass_en9                     ; false                  ; String                                                  ;
; c_cnt_in_src9                        ; ph_mux_clk             ; String                                                  ;
; c_cnt_odd_div_duty_en9               ; false                  ; String                                                  ;
; c_cnt_prst9                          ; 1                      ; Signed Integer                                          ;
; c_cnt_ph_mux_prst9                   ; 0                      ; Signed Integer                                          ;
; c_cnt_hi_div10                       ; 1                      ; Signed Integer                                          ;
; c_cnt_lo_div10                       ; 1                      ; Signed Integer                                          ;
; c_cnt_bypass_en10                    ; false                  ; String                                                  ;
; c_cnt_in_src10                       ; ph_mux_clk             ; String                                                  ;
; c_cnt_odd_div_duty_en10              ; false                  ; String                                                  ;
; c_cnt_prst10                         ; 1                      ; Signed Integer                                          ;
; c_cnt_ph_mux_prst10                  ; 0                      ; Signed Integer                                          ;
; c_cnt_hi_div11                       ; 1                      ; Signed Integer                                          ;
; c_cnt_lo_div11                       ; 1                      ; Signed Integer                                          ;
; c_cnt_bypass_en11                    ; false                  ; String                                                  ;
; c_cnt_in_src11                       ; ph_mux_clk             ; String                                                  ;
; c_cnt_odd_div_duty_en11              ; false                  ; String                                                  ;
; c_cnt_prst11                         ; 1                      ; Signed Integer                                          ;
; c_cnt_ph_mux_prst11                  ; 0                      ; Signed Integer                                          ;
; c_cnt_hi_div12                       ; 1                      ; Signed Integer                                          ;
; c_cnt_lo_div12                       ; 1                      ; Signed Integer                                          ;
; c_cnt_bypass_en12                    ; false                  ; String                                                  ;
; c_cnt_in_src12                       ; ph_mux_clk             ; String                                                  ;
; c_cnt_odd_div_duty_en12              ; false                  ; String                                                  ;
; c_cnt_prst12                         ; 1                      ; Signed Integer                                          ;
; c_cnt_ph_mux_prst12                  ; 0                      ; Signed Integer                                          ;
; c_cnt_hi_div13                       ; 1                      ; Signed Integer                                          ;
; c_cnt_lo_div13                       ; 1                      ; Signed Integer                                          ;
; c_cnt_bypass_en13                    ; false                  ; String                                                  ;
; c_cnt_in_src13                       ; ph_mux_clk             ; String                                                  ;
; c_cnt_odd_div_duty_en13              ; false                  ; String                                                  ;
; c_cnt_prst13                         ; 1                      ; Signed Integer                                          ;
; c_cnt_ph_mux_prst13                  ; 0                      ; Signed Integer                                          ;
; c_cnt_hi_div14                       ; 1                      ; Signed Integer                                          ;
; c_cnt_lo_div14                       ; 1                      ; Signed Integer                                          ;
; c_cnt_bypass_en14                    ; false                  ; String                                                  ;
; c_cnt_in_src14                       ; ph_mux_clk             ; String                                                  ;
; c_cnt_odd_div_duty_en14              ; false                  ; String                                                  ;
; c_cnt_prst14                         ; 1                      ; Signed Integer                                          ;
; c_cnt_ph_mux_prst14                  ; 0                      ; Signed Integer                                          ;
; c_cnt_hi_div15                       ; 1                      ; Signed Integer                                          ;
; c_cnt_lo_div15                       ; 1                      ; Signed Integer                                          ;
; c_cnt_bypass_en15                    ; false                  ; String                                                  ;
; c_cnt_in_src15                       ; ph_mux_clk             ; String                                                  ;
; c_cnt_odd_div_duty_en15              ; false                  ; String                                                  ;
; c_cnt_prst15                         ; 1                      ; Signed Integer                                          ;
; c_cnt_ph_mux_prst15                  ; 0                      ; Signed Integer                                          ;
; c_cnt_hi_div16                       ; 1                      ; Signed Integer                                          ;
; c_cnt_lo_div16                       ; 1                      ; Signed Integer                                          ;
; c_cnt_bypass_en16                    ; false                  ; String                                                  ;
; c_cnt_in_src16                       ; ph_mux_clk             ; String                                                  ;
; c_cnt_odd_div_duty_en16              ; false                  ; String                                                  ;
; c_cnt_prst16                         ; 1                      ; Signed Integer                                          ;
; c_cnt_ph_mux_prst16                  ; 0                      ; Signed Integer                                          ;
; c_cnt_hi_div17                       ; 1                      ; Signed Integer                                          ;
; c_cnt_lo_div17                       ; 1                      ; Signed Integer                                          ;
; c_cnt_bypass_en17                    ; false                  ; String                                                  ;
; c_cnt_in_src17                       ; ph_mux_clk             ; String                                                  ;
; c_cnt_odd_div_duty_en17              ; false                  ; String                                                  ;
; c_cnt_prst17                         ; 1                      ; Signed Integer                                          ;
; c_cnt_ph_mux_prst17                  ; 0                      ; Signed Integer                                          ;
; pll_vco_div                          ; 1                      ; Signed Integer                                          ;
; pll_slf_rst                          ; false                  ; String                                                  ;
; pll_bw_sel                           ; low                    ; String                                                  ;
; pll_output_clk_frequency             ; 0 MHz                  ; String                                                  ;
; pll_cp_current                       ; 0                      ; Signed Integer                                          ;
; pll_bwctrl                           ; 0                      ; Signed Integer                                          ;
; pll_fractional_division              ; 1                      ; Signed Integer                                          ;
; pll_fractional_cout                  ; 24                     ; Signed Integer                                          ;
; pll_dsm_out_sel                      ; 1st_order              ; String                                                  ;
; mimic_fbclk_type                     ; gclk                   ; String                                                  ;
; pll_fbclk_mux_1                      ; glb                    ; String                                                  ;
; pll_fbclk_mux_2                      ; fb_1                   ; String                                                  ;
; pll_m_cnt_in_src                     ; ph_mux_clk             ; String                                                  ;
; pll_vcoph_div                        ; 1                      ; Signed Integer                                          ;
; refclk1_frequency                    ; 0 MHz                  ; String                                                  ;
; pll_clkin_0_src                      ; clk_0                  ; String                                                  ;
; pll_clkin_1_src                      ; clk_0                  ; String                                                  ;
; pll_clk_loss_sw_en                   ; false                  ; String                                                  ;
; pll_auto_clk_sw_en                   ; false                  ; String                                                  ;
; pll_manu_clk_sw_en                   ; false                  ; String                                                  ;
; pll_clk_sw_dly                       ; 0                      ; Signed Integer                                          ;
; pll_extclk_0_cnt_src                 ; pll_extclk_cnt_src_vss ; String                                                  ;
; pll_extclk_1_cnt_src                 ; pll_extclk_cnt_src_vss ; String                                                  ;
+--------------------------------------+------------------------+---------------------------------------------------------+
Note: In order to hide this table in the UI and the text report file, please set the "Show Parameter Settings in Synthesis Report" option in "Analysis and Synthesis Settings -> More Settings" to "Off".


+--------------------------------------------------------------------------------------------------------------------------------------------------------------------------------------+
; Port Connectivity Checks: "our_pll:clk_pll_instance|our_pll_0002:our_pll_inst|altera_pll:altera_pll_i"                                                                               ;
+-------------------+--------+----------+----------------------------------------------------------------------------------------------------------------------------------------------+
; Port              ; Type   ; Severity ; Details                                                                                                                                      ;
+-------------------+--------+----------+----------------------------------------------------------------------------------------------------------------------------------------------+
; fboutclk          ; Output ; Info     ; Explicitly unconnected                                                                                                                       ;
; fbclk             ; Input  ; Info     ; Stuck at GND                                                                                                                                 ;
; refclk1           ; Input  ; Warning  ; Declared by entity but not connected by instance. If a default value exists, it will be used.  Otherwise, the port will be connected to GND. ;
; phase_en          ; Input  ; Warning  ; Declared by entity but not connected by instance. If a default value exists, it will be used.  Otherwise, the port will be connected to GND. ;
; updn              ; Input  ; Warning  ; Declared by entity but not connected by instance. If a default value exists, it will be used.  Otherwise, the port will be connected to GND. ;
; num_phase_shifts  ; Input  ; Warning  ; Declared by entity but not connected by instance. If a default value exists, it will be used.  Otherwise, the port will be connected to GND. ;
; scanclk           ; Input  ; Warning  ; Declared by entity but not connected by instance. If a default value exists, it will be used.  Otherwise, the port will be connected to GND. ;
; cntsel            ; Input  ; Warning  ; Declared by entity but not connected by instance. If a default value exists, it will be used.  Otherwise, the port will be connected to GND. ;
; reconfig_to_pll   ; Input  ; Warning  ; Declared by entity but not connected by instance. If a default value exists, it will be used.  Otherwise, the port will be connected to GND. ;
; extswitch         ; Input  ; Warning  ; Declared by entity but not connected by instance. If a default value exists, it will be used.  Otherwise, the port will be connected to GND. ;
; adjpllin          ; Input  ; Warning  ; Declared by entity but not connected by instance. If a default value exists, it will be used.  Otherwise, the port will be connected to GND. ;
; cclk              ; Input  ; Warning  ; Declared by entity but not connected by instance. If a default value exists, it will be used.  Otherwise, the port will be connected to GND. ;
; phase_done        ; Output ; Warning  ; Declared by entity but not connected by instance. Logic that only feeds a dangling port will be removed.                                     ;
; reconfig_from_pll ; Output ; Warning  ; Declared by entity but not connected by instance. Logic that only feeds a dangling port will be removed.                                     ;
; activeclk         ; Output ; Warning  ; Declared by entity but not connected by instance. Logic that only feeds a dangling port will be removed.                                     ;
; clkbad            ; Output ; Warning  ; Declared by entity but not connected by instance. Logic that only feeds a dangling port will be removed.                                     ;
; phout             ; Output ; Warning  ; Declared by entity but not connected by instance. Logic that only feeds a dangling port will be removed.                                     ;
; lvds_clk          ; Output ; Warning  ; Declared by entity but not connected by instance. Logic that only feeds a dangling port will be removed.                                     ;
; loaden            ; Output ; Warning  ; Declared by entity but not connected by instance. Logic that only feeds a dangling port will be removed.                                     ;
; extclk_out        ; Output ; Warning  ; Declared by entity but not connected by instance. Logic that only feeds a dangling port will be removed.                                     ;
; cascade_out       ; Output ; Warning  ; Declared by entity but not connected by instance. Logic that only feeds a dangling port will be removed.                                     ;
; zdbfbclk          ; Bidir  ; Warning  ; Declared by entity but not connected by instance. Logic that only feeds a dangling port will be removed.                                     ;
+-------------------+--------+----------+----------------------------------------------------------------------------------------------------------------------------------------------+


+------------------------------------------------------------------------------------------------------------------+
; Port Connectivity Checks: "our_pll:clk_pll_instance|our_pll_0002:our_pll_inst"                                   ;
+--------+--------+----------+-------------------------------------------------------------------------------------+
; Port   ; Type   ; Severity ; Details                                                                             ;
+--------+--------+----------+-------------------------------------------------------------------------------------+
; locked ; Output ; Info     ; Connected to dangling logic. Logic that only feeds a dangling port will be removed. ;
+--------+--------+----------+-------------------------------------------------------------------------------------+


+------------------------------------------------------+
; Port Connectivity Checks: "our_pll:clk_pll_instance" ;
+------+-------+----------+----------------------------+
; Port ; Type  ; Severity ; Details                    ;
+------+-------+----------+----------------------------+
; rst  ; Input ; Info     ; Stuck at GND               ;
+------+-------+----------+----------------------------+


+-----------------------------------------------------+
; Post-Synthesis Netlist Statistics for Top Partition ;
+-----------------------+-----------------------------+
; Type                  ; Count                       ;
+-----------------------+-----------------------------+
; arriav_ff             ; 131                         ;
;     CLR               ; 9                           ;
;     CLR SCLR          ; 1                           ;
;     CLR SLD           ; 2                           ;
;     ENA CLR           ; 20                          ;
;     ENA CLR SCLR      ; 32                          ;
;     ENA CLR SLD       ; 15                          ;
;     ENA SCLR          ; 30                          ;
;     SCLR              ; 10                          ;
;     plain             ; 12                          ;
; arriav_lcell_comb     ; 729                         ;
;     arith             ; 119                         ;
;         1 data inputs ; 94                          ;
;         2 data inputs ; 18                          ;
;         5 data inputs ; 7                           ;
;     extend            ; 52                          ;
;         7 data inputs ; 52                          ;
;     normal            ; 558                         ;
;         0 data inputs ; 2                           ;
;         1 data inputs ; 1                           ;
;         2 data inputs ; 45                          ;
;         3 data inputs ; 29                          ;
;         4 data inputs ; 100                         ;
;         5 data inputs ; 106                         ;
;         6 data inputs ; 275                         ;
; boundary_port         ; 38                          ;
; generic_pll           ; 1                           ;
;                       ;                             ;
; Max LUT depth         ; 10.00                       ;
; Average LUT depth     ; 5.72                        ;
+-----------------------+-----------------------------+


+-------------------------------+
; Elapsed Time Per Partition    ;
+----------------+--------------+
; Partition Name ; Elapsed Time ;
+----------------+--------------+
; Top            ; 00:00:01     ;
+----------------+--------------+


+-------------------------------+
; Analysis & Synthesis Messages ;
+-------------------------------+
Info: *******************************************************************
Info: Running Quartus Prime Analysis & Synthesis
    Info: Version 22.1std.0 Build 915 10/25/2022 SC Lite Edition
    Info: Processing started: Thu Apr  6 23:14:37 2023
Info: Command: quartus_map --read_settings_files=on --write_settings_files=off pong_game -c pong_game
Warning (18236): Number of processors has not been specified which may cause overloading on shared machines.  Set the global assignment NUM_PARALLEL_PROCESSORS in your QSF to an appropriate value for best performance.
Info (20030): Parallel compilation is enabled and will use 6 of the 6 processors detected
Info (12021): Found 2 design units, including 1 entities, in source file pong_game.vhd
    Info (12022): Found design unit 1: pong_game-arch File: C:/MUN/ADS/final project/FINAL_PROJECT_ADS/pong_game/pong_game.vhd Line: 25
    Info (12023): Found entity 1: pong_game File: C:/MUN/ADS/final project/FINAL_PROJECT_ADS/pong_game/pong_game.vhd Line: 9
Info (12021): Found 2 design units, including 1 entities, in source file pong_vga_sync.vhd
    Info (12022): Found design unit 1: pong_vga_sync-arch File: C:/MUN/ADS/final project/FINAL_PROJECT_ADS/pong_game/pong_vga_sync.vhd Line: 15
    Info (12023): Found entity 1: pong_vga_sync File: C:/MUN/ADS/final project/FINAL_PROJECT_ADS/pong_game/pong_vga_sync.vhd Line: 6
Info (12021): Found 2 design units, including 1 entities, in source file pong_game_timer.vhd
    Info (12022): Found design unit 1: timer-arch File: C:/MUN/ADS/final project/FINAL_PROJECT_ADS/pong_game/pong_game_timer.vhd Line: 14
    Info (12023): Found entity 1: timer File: C:/MUN/ADS/final project/FINAL_PROJECT_ADS/pong_game/pong_game_timer.vhd Line: 5
Info (12021): Found 2 design units, including 1 entities, in source file pong_clk_divider.vhd
    Info (12022): Found design unit 1: pong_clk_divider-Behavioral File: C:/MUN/ADS/final project/FINAL_PROJECT_ADS/pong_game/pong_clk_divider.vhd Line: 15
    Info (12023): Found entity 1: pong_clk_divider File: C:/MUN/ADS/final project/FINAL_PROJECT_ADS/pong_game/pong_clk_divider.vhd Line: 8
Info (12021): Found 2 design units, including 1 entities, in source file pong_color_map.vhd
    Info (12022): Found design unit 1: color_map-arch File: C:/MUN/ADS/final project/FINAL_PROJECT_ADS/pong_game/pong_color_map.vhd Line: 17
    Info (12023): Found entity 1: color_map File: C:/MUN/ADS/final project/FINAL_PROJECT_ADS/pong_game/pong_color_map.vhd Line: 7
Info (12021): Found 2 design units, including 1 entities, in source file pong_font_rom.vhd
    Info (12022): Found design unit 1: font_rom-arch File: C:/MUN/ADS/final project/FINAL_PROJECT_ADS/pong_game/pong_font_rom.vhd Line: 12
    Info (12023): Found entity 1: font_rom File: C:/MUN/ADS/final project/FINAL_PROJECT_ADS/pong_game/pong_font_rom.vhd Line: 4
Info (12021): Found 2 design units, including 1 entities, in source file pong_game_counter.vhd
    Info (12022): Found design unit 1: pong_game_counter-arch File: C:/MUN/ADS/final project/FINAL_PROJECT_ADS/pong_game/pong_game_counter.vhd Line: 14
    Info (12023): Found entity 1: pong_game_counter File: C:/MUN/ADS/final project/FINAL_PROJECT_ADS/pong_game/pong_game_counter.vhd Line: 5
Info (12021): Found 2 design units, including 1 entities, in source file pong_game_graph.vhd
    Info (12022): Found design unit 1: pong_game_graph-arch File: C:/MUN/ADS/final project/FINAL_PROJECT_ADS/pong_game/pong_game_graph.vhd Line: 17
    Info (12023): Found entity 1: pong_game_graph File: C:/MUN/ADS/final project/FINAL_PROJECT_ADS/pong_game/pong_game_graph.vhd Line: 5
Info (12021): Found 2 design units, including 1 entities, in source file pong_game_text.vhd
    Info (12022): Found design unit 1: pong_game_text-arch File: C:/MUN/ADS/final project/FINAL_PROJECT_ADS/pong_game/pong_game_text.vhd Line: 17
    Info (12023): Found entity 1: pong_game_text File: C:/MUN/ADS/final project/FINAL_PROJECT_ADS/pong_game/pong_game_text.vhd Line: 5
Info (12021): Found 2 design units, including 1 entities, in source file our_pll.vhd
    Info (12022): Found design unit 1: our_pll-rtl File: C:/MUN/ADS/final project/FINAL_PROJECT_ADS/pong_game/our_pll.vhd Line: 13
    Info (12023): Found entity 1: our_pll File: C:/MUN/ADS/final project/FINAL_PROJECT_ADS/pong_game/our_pll.vhd Line: 5
Info (12021): Found 1 design units, including 1 entities, in source file our_pll/our_pll_0002.v
    Info (12023): Found entity 1: our_pll_0002 File: C:/MUN/ADS/final project/FINAL_PROJECT_ADS/pong_game/our_pll/our_pll_0002.v Line: 2
Info (12127): Elaborating entity "pong_game" for the top level hierarchy
Info (12128): Elaborating entity "our_pll" for hierarchy "our_pll:clk_pll_instance" File: C:/MUN/ADS/final project/FINAL_PROJECT_ADS/pong_game/pong_game.vhd Line: 60
Info (12128): Elaborating entity "our_pll_0002" for hierarchy "our_pll:clk_pll_instance|our_pll_0002:our_pll_inst" File: C:/MUN/ADS/final project/FINAL_PROJECT_ADS/pong_game/our_pll.vhd Line: 25
Info (12128): Elaborating entity "altera_pll" for hierarchy "our_pll:clk_pll_instance|our_pll_0002:our_pll_inst|altera_pll:altera_pll_i" File: C:/MUN/ADS/final project/FINAL_PROJECT_ADS/pong_game/our_pll/our_pll_0002.v Line: 85
Info (10008): Verilog HDL or VHDL information: EDA Netlist Writer cannot regroup multidimensional array "wire_to_nowhere_64" into its bus
Info (12130): Elaborated megafunction instantiation "our_pll:clk_pll_instance|our_pll_0002:our_pll_inst|altera_pll:altera_pll_i" File: C:/MUN/ADS/final project/FINAL_PROJECT_ADS/pong_game/our_pll/our_pll_0002.v Line: 85
Info (12133): Instantiated megafunction "our_pll:clk_pll_instance|our_pll_0002:our_pll_inst|altera_pll:altera_pll_i" with the following parameter: File: C:/MUN/ADS/final project/FINAL_PROJECT_ADS/pong_game/our_pll/our_pll_0002.v Line: 85
    Info (12134): Parameter "fractional_vco_multiplier" = "false"
    Info (12134): Parameter "reference_clock_frequency" = "50.0 MHz"
    Info (12134): Parameter "operation_mode" = "direct"
    Info (12134): Parameter "number_of_clocks" = "1"
    Info (12134): Parameter "output_clock_frequency0" = "50.000000 MHz"
    Info (12134): Parameter "phase_shift0" = "0 ps"
    Info (12134): Parameter "duty_cycle0" = "50"
    Info (12134): Parameter "output_clock_frequency1" = "0 MHz"
    Info (12134): Parameter "phase_shift1" = "0 ps"
    Info (12134): Parameter "duty_cycle1" = "50"
    Info (12134): Parameter "output_clock_frequency2" = "0 MHz"
    Info (12134): Parameter "phase_shift2" = "0 ps"
    Info (12134): Parameter "duty_cycle2" = "50"
    Info (12134): Parameter "output_clock_frequency3" = "0 MHz"
    Info (12134): Parameter "phase_shift3" = "0 ps"
    Info (12134): Parameter "duty_cycle3" = "50"
    Info (12134): Parameter "output_clock_frequency4" = "0 MHz"
    Info (12134): Parameter "phase_shift4" = "0 ps"
    Info (12134): Parameter "duty_cycle4" = "50"
    Info (12134): Parameter "output_clock_frequency5" = "0 MHz"
    Info (12134): Parameter "phase_shift5" = "0 ps"
    Info (12134): Parameter "duty_cycle5" = "50"
    Info (12134): Parameter "output_clock_frequency6" = "0 MHz"
    Info (12134): Parameter "phase_shift6" = "0 ps"
    Info (12134): Parameter "duty_cycle6" = "50"
    Info (12134): Parameter "output_clock_frequency7" = "0 MHz"
    Info (12134): Parameter "phase_shift7" = "0 ps"
    Info (12134): Parameter "duty_cycle7" = "50"
    Info (12134): Parameter "output_clock_frequency8" = "0 MHz"
    Info (12134): Parameter "phase_shift8" = "0 ps"
    Info (12134): Parameter "duty_cycle8" = "50"
    Info (12134): Parameter "output_clock_frequency9" = "0 MHz"
    Info (12134): Parameter "phase_shift9" = "0 ps"
    Info (12134): Parameter "duty_cycle9" = "50"
    Info (12134): Parameter "output_clock_frequency10" = "0 MHz"
    Info (12134): Parameter "phase_shift10" = "0 ps"
    Info (12134): Parameter "duty_cycle10" = "50"
    Info (12134): Parameter "output_clock_frequency11" = "0 MHz"
    Info (12134): Parameter "phase_shift11" = "0 ps"
    Info (12134): Parameter "duty_cycle11" = "50"
    Info (12134): Parameter "output_clock_frequency12" = "0 MHz"
    Info (12134): Parameter "phase_shift12" = "0 ps"
    Info (12134): Parameter "duty_cycle12" = "50"
    Info (12134): Parameter "output_clock_frequency13" = "0 MHz"
    Info (12134): Parameter "phase_shift13" = "0 ps"
    Info (12134): Parameter "duty_cycle13" = "50"
    Info (12134): Parameter "output_clock_frequency14" = "0 MHz"
    Info (12134): Parameter "phase_shift14" = "0 ps"
    Info (12134): Parameter "duty_cycle14" = "50"
    Info (12134): Parameter "output_clock_frequency15" = "0 MHz"
    Info (12134): Parameter "phase_shift15" = "0 ps"
    Info (12134): Parameter "duty_cycle15" = "50"
    Info (12134): Parameter "output_clock_frequency16" = "0 MHz"
    Info (12134): Parameter "phase_shift16" = "0 ps"
    Info (12134): Parameter "duty_cycle16" = "50"
    Info (12134): Parameter "output_clock_frequency17" = "0 MHz"
    Info (12134): Parameter "phase_shift17" = "0 ps"
    Info (12134): Parameter "duty_cycle17" = "50"
    Info (12134): Parameter "pll_type" = "General"
    Info (12134): Parameter "pll_subtype" = "General"
Info (12128): Elaborating entity "pong_clk_divider" for hierarchy "pong_clk_divider:inst_clk_divider" File: C:/MUN/ADS/final project/FINAL_PROJECT_ADS/pong_game/pong_game.vhd Line: 66
Info (12128): Elaborating entity "color_map" for hierarchy "color_map:color_map_unit" File: C:/MUN/ADS/final project/FINAL_PROJECT_ADS/pong_game/pong_game.vhd Line: 69
Info (12128): Elaborating entity "pong_vga_sync" for hierarchy "pong_vga_sync:vga_sync_unit" File: C:/MUN/ADS/final project/FINAL_PROJECT_ADS/pong_game/pong_game.vhd Line: 80
Info (12128): Elaborating entity "pong_game_text" for hierarchy "pong_game_text:text_unit" File: C:/MUN/ADS/final project/FINAL_PROJECT_ADS/pong_game/pong_game.vhd Line: 88
Info (12128): Elaborating entity "font_rom" for hierarchy "pong_game_text:text_unit|font_rom:font_unit" File: C:/MUN/ADS/final project/FINAL_PROJECT_ADS/pong_game/pong_game_text.vhd Line: 110
Info (12128): Elaborating entity "pong_game_graph" for hierarchy "pong_game_graph:graph_unit" File: C:/MUN/ADS/final project/FINAL_PROJECT_ADS/pong_game/pong_game.vhd Line: 95
Info (12128): Elaborating entity "timer" for hierarchy "timer:timer_unit" File: C:/MUN/ADS/final project/FINAL_PROJECT_ADS/pong_game/pong_game.vhd Line: 106
Info (12128): Elaborating entity "pong_game_counter" for hierarchy "pong_game_counter:counter_unit" File: C:/MUN/ADS/final project/FINAL_PROJECT_ADS/pong_game/pong_game.vhd Line: 113
Warning (12241): 1 hierarchies have connectivity warnings - see the Connectivity Checks report folder
Warning (13024): Output pins are stuck at VCC or GND
    Warning (13410): Pin "vga_sync" is stuck at VCC File: C:/MUN/ADS/final project/FINAL_PROJECT_ADS/pong_game/pong_game.vhd Line: 18
Info (286030): Timing-Driven Synthesis is running
Info (16010): Generating hard_block partition "hard_block:auto_generated_inst"
    Info (16011): Adding 3 node(s), including 0 DDIO, 1 PLL, 0 transceiver and 0 LCELL
Warning: RST port on the PLL is not properly connected on instance our_pll:clk_pll_instance|our_pll_0002:our_pll_inst|altera_pll:altera_pll_i|general[0].gpll. The reset port on the PLL should be connected. If the PLL loses lock for any reason, you might need to manually reset the PLL in order to re-establish lock to the reference clock. File: c:/intelfpga_lite/22.1std/quartus/libraries/megafunctions/altera_pll.v Line: 749
    Info: Must be connected
Info (21057): Implemented 768 device resources after synthesis - the final resource count might be different
    Info (21058): Implemented 8 input pins
    Info (21059): Implemented 30 output pins
    Info (21061): Implemented 729 logic cells
    Info (21065): Implemented 1 PLLs
Info: Quartus Prime Analysis & Synthesis was successful. 0 errors, 5 warnings
    Info: Peak virtual memory: 4907 megabytes
    Info: Processing ended: Thu Apr  6 23:14:48 2023
    Info: Elapsed time: 00:00:11
    Info: Total CPU time (on all processors): 00:00:23


